{"/home/yisroel/projects/backend/data-base/src/getDefaultDatabaseInfo.ts": {"path":"/home/yisroel/projects/backend/data-base/src/getDefaultDatabaseInfo.ts","statementMap":{"0":{"start":{"line":1,"column":0},"end":{"line":1,"column":null}},"1":{"start":{"line":4,"column":21},"end":{"line":4,"column":39}},"2":{"start":{"line":5,"column":22},"end":{"line":5,"column":41}},"3":{"start":{"line":6,"column":26},"end":{"line":6,"column":49}},"4":{"start":{"line":8,"column":2},"end":{"line":9,"column":90}},"5":{"start":{"line":9,"column":4},"end":{"line":9,"column":90}},"6":{"start":{"line":10,"column":2},"end":{"line":11,"column":91}},"7":{"start":{"line":11,"column":4},"end":{"line":11,"column":91}},"8":{"start":{"line":12,"column":2},"end":{"line":13,"column":95}},"9":{"start":{"line":13,"column":4},"end":{"line":13,"column":95}},"10":{"start":{"line":15,"column":2},"end":{"line":19,"column":4}},"11":{"start":{"line":3,"column":0},"end":{"line":3,"column":16}}},"fnMap":{"0":{"name":"getDefaultDatabaseInfo","decl":{"start":{"line":3,"column":16},"end":{"line":3,"column":38}},"loc":{"start":{"line":3,"column":38},"end":{"line":20,"column":1}}}},"branchMap":{"0":{"loc":{"start":{"line":8,"column":2},"end":{"line":9,"column":90}},"type":"if","locations":[{"start":{"line":8,"column":2},"end":{"line":9,"column":90}},{"start":{"line":8,"column":2},"end":{"line":9,"column":90}}]},"1":{"loc":{"start":{"line":10,"column":2},"end":{"line":11,"column":91}},"type":"if","locations":[{"start":{"line":10,"column":2},"end":{"line":11,"column":91}},{"start":{"line":10,"column":2},"end":{"line":11,"column":91}}]},"2":{"loc":{"start":{"line":12,"column":2},"end":{"line":13,"column":95}},"type":"if","locations":[{"start":{"line":12,"column":2},"end":{"line":13,"column":95}},{"start":{"line":12,"column":2},"end":{"line":13,"column":95}}]}},"s":{"0":2,"1":5,"2":5,"3":5,"4":5,"5":2,"6":3,"7":1,"8":2,"9":1,"10":1,"11":2},"f":{"0":5},"b":{"0":[2,3],"1":[1,2],"2":[1,1]}}
,"/home/yisroel/projects/backend/data-base/src/getSession.ts": {"path":"/home/yisroel/projects/backend/data-base/src/getSession.ts","statementMap":{"0":{"start":{"line":5,"column":14},"end":{"line":5,"column":37}},"1":{"start":{"line":6,"column":35},"end":{"line":6,"column":70}},"2":{"start":{"line":9,"column":26},"end":{"line":9,"column":38}},"3":{"start":{"line":10,"column":2},"end":{"line":16,"column":null}},"4":{"start":{"line":11,"column":4},"end":{"line":15,"column":null}},"5":{"start":{"line":12,"column":6},"end":{"line":12,"column":null}},"6":{"start":{"line":14,"column":6},"end":{"line":14,"column":null}},"7":{"start":{"line":18,"column":17},"end":{"line":23,"column":null}},"8":{"start":{"line":26,"column":2},"end":{"line":30,"column":null}},"9":{"start":{"line":27,"column":4},"end":{"line":27,"column":null}},"10":{"start":{"line":29,"column":4},"end":{"line":29,"column":null}},"11":{"start":{"line":31,"column":2},"end":{"line":31,"column":null}},"12":{"start":{"line":8,"column":0},"end":{"line":8,"column":7}}},"fnMap":{"0":{"name":"getSession","decl":{"start":{"line":8,"column":22},"end":{"line":8,"column":32}},"loc":{"start":{"line":8,"column":60},"end":{"line":32,"column":1}}}},"branchMap":{"0":{"loc":{"start":{"line":10,"column":2},"end":{"line":16,"column":null}},"type":"if","locations":[{"start":{"line":10,"column":2},"end":{"line":16,"column":null}},{"start":{"line":10,"column":2},"end":{"line":16,"column":null}}]}},"s":{"0":1,"1":1,"2":3,"3":3,"4":1,"5":1,"6":1,"7":2,"8":2,"9":2,"10":1,"11":1,"12":1},"f":{"0":3},"b":{"0":[1,2]}}
,"/home/yisroel/projects/backend/data-base/src/oneRecord.ts": {"path":"/home/yisroel/projects/backend/data-base/src/oneRecord.ts","statementMap":{"0":{"start":{"line":2,"column":0},"end":{"line":2,"column":60}},"1":{"start":{"line":4,"column":0},"end":{"line":4,"column":28}},"2":{"start":{"line":12,"column":4},"end":{"line":16,"column":null}},"3":{"start":{"line":13,"column":8},"end":{"line":13,"column":57}},"4":{"start":{"line":15,"column":8},"end":{"line":15,"column":null}},"5":{"start":{"line":19,"column":4},"end":{"line":24,"column":null}},"6":{"start":{"line":20,"column":8},"end":{"line":23,"column":10}},"7":{"start":{"line":25,"column":4},"end":{"line":27,"column":null}},"8":{"start":{"line":26,"column":8},"end":{"line":26,"column":null}},"9":{"start":{"line":28,"column":4},"end":{"line":28,"column":16}},"10":{"start":{"line":6,"column":0},"end":{"line":6,"column":7}}},"fnMap":{"0":{"name":"oneRecord","decl":{"start":{"line":6,"column":22},"end":{"line":6,"column":31}},"loc":{"start":{"line":9,"column":15},"end":{"line":29,"column":1}}}},"branchMap":{"0":{"loc":{"start":{"line":19,"column":4},"end":{"line":24,"column":null}},"type":"if","locations":[{"start":{"line":19,"column":4},"end":{"line":24,"column":null}},{"start":{"line":19,"column":4},"end":{"line":24,"column":null}}]},"1":{"loc":{"start":{"line":25,"column":4},"end":{"line":27,"column":null}},"type":"if","locations":[{"start":{"line":25,"column":4},"end":{"line":27,"column":null}},{"start":{"line":25,"column":4},"end":{"line":27,"column":null}}]}},"s":{"0":1,"1":1,"2":5,"3":5,"4":2,"5":3,"6":1,"7":2,"8":1,"9":1,"10":1},"f":{"0":5},"b":{"0":[1,2],"1":[1,1]}}
,"/home/yisroel/projects/backend/data-base/src/queryForErrorString.ts": {"path":"/home/yisroel/projects/backend/data-base/src/queryForErrorString.ts","statementMap":{"0":{"start":{"line":2,"column":23},"end":{"line":2,"column":45}},"1":{"start":{"line":3,"column":21},"end":{"line":3,"column":25}},"2":{"start":{"line":4,"column":2},"end":{"line":4,"column":109}},"3":{"start":{"line":4,"column":56},"end":{"line":4,"column":109}},"4":{"start":{"line":5,"column":2},"end":{"line":5,"column":null}},"5":{"start":{"line":1,"column":0},"end":{"line":1,"column":16}},"6":{"start":{"line":10,"column":4},"end":{"line":18,"column":4}},"7":{"start":{"line":8,"column":0},"end":{"line":8,"column":16}}},"fnMap":{"0":{"name":"truncatedParamString","decl":{"start":{"line":1,"column":16},"end":{"line":1,"column":36}},"loc":{"start":{"line":1,"column":48},"end":{"line":6,"column":1}}},"1":{"name":"queryForErrorString","decl":{"start":{"line":8,"column":16},"end":{"line":8,"column":35}},"loc":{"start":{"line":9,"column":15},"end":{"line":19,"column":1}}}},"branchMap":{"0":{"loc":{"start":{"line":4,"column":2},"end":{"line":4,"column":109}},"type":"if","locations":[{"start":{"line":4,"column":2},"end":{"line":4,"column":109}},{"start":{"line":4,"column":2},"end":{"line":4,"column":109}}]},"1":{"loc":{"start":{"line":4,"column":6},"end":{"line":4,"column":54}},"type":"binary-expr","locations":[{"start":{"line":4,"column":6},"end":{"line":4,"column":18}},{"start":{"line":4,"column":22},"end":{"line":4,"column":54}}]}},"s":{"0":2,"1":2,"2":2,"3":1,"4":1,"5":3,"6":2,"7":3},"f":{"0":2,"1":2},"b":{"0":[1,1],"1":[2,2]}}
,"/home/yisroel/projects/backend/data-base/src/run.ts": {"path":"/home/yisroel/projects/backend/data-base/src/run.ts","statementMap":{"0":{"start":{"line":2,"column":0},"end":{"line":2,"column":41}},"1":{"start":{"line":3,"column":0},"end":{"line":3,"column":60}},"2":{"start":{"line":11,"column":4},"end":{"line":18,"column":null}},"3":{"start":{"line":12,"column":8},"end":{"line":12,"column":56}},"4":{"start":{"line":14,"column":8},"end":{"line":16,"column":45}},"5":{"start":{"line":20,"column":4},"end":{"line":26,"column":null}},"6":{"start":{"line":21,"column":8},"end":{"line":21,"column":null}},"7":{"start":{"line":23,"column":8},"end":{"line":25,"column":45}},"8":{"start":{"line":5,"column":0},"end":{"line":5,"column":7}}},"fnMap":{"0":{"name":"run","decl":{"start":{"line":5,"column":22},"end":{"line":5,"column":25}},"loc":{"start":{"line":8,"column":15},"end":{"line":28,"column":1}}}},"branchMap":{},"s":{"0":2,"1":2,"2":6,"3":6,"4":1,"5":5,"6":5,"7":1,"8":2},"f":{"0":6},"b":{}}
}
